Determining if the Fortran sgemm exists failed with the following output:
Change Dir: /home/abdulfe/donttouch/pexsi_sympack_last_test/symPACK/build/CMakeFiles/CMakeTmp

Run Build Command(s):/usr/bin/gmake -f Makefile cmTC_9e6c1/fast && /usr/bin/gmake  -f CMakeFiles/cmTC_9e6c1.dir/build.make CMakeFiles/cmTC_9e6c1.dir/build
gmake[1]: Entering directory '/home/abdulfe/donttouch/pexsi_sympack_last_test/symPACK/build/CMakeFiles/CMakeTmp'
Building Fortran object CMakeFiles/cmTC_9e6c1.dir/testFortranCompiler.f.o
/usr/bin/mpifort    -c /home/abdulfe/donttouch/pexsi_sympack_last_test/symPACK/build/CMakeFiles/CMakeTmp/testFortranCompiler.f -o CMakeFiles/cmTC_9e6c1.dir/testFortranCompiler.f.o
Linking Fortran executable cmTC_9e6c1
/usr/bin/cmake -E cmake_link_script CMakeFiles/cmTC_9e6c1.dir/link.txt --verbose=1
/usr/bin/mpifort -Wl,--start-group -Wl,--end-group  CMakeFiles/cmTC_9e6c1.dir/testFortranCompiler.f.o -o cmTC_9e6c1 
/usr/bin/ld: /tmp/cckovzYx.ltrans0.ltrans.o: in function `main':
<artificial>:(.text.startup+0x1d): undefined reference to `sgemm_'
collect2: error: ld returned 1 exit status
gmake[1]: *** [CMakeFiles/cmTC_9e6c1.dir/build.make:99: cmTC_9e6c1] Error 1
gmake[1]: Leaving directory '/home/abdulfe/donttouch/pexsi_sympack_last_test/symPACK/build/CMakeFiles/CMakeTmp'
gmake: *** [Makefile:127: cmTC_9e6c1/fast] Error 2



Determining if the function threadReduce exists in the  failed with the following output:
Change Dir: /home/abdulfe/donttouch/pexsi_sympack_last_test/symPACK/build/CMakeFiles/CMakeTmp

Run Build Command(s):/usr/bin/gmake -f Makefile cmTC_c2220/fast && /usr/bin/gmake  -f CMakeFiles/cmTC_c2220.dir/build.make CMakeFiles/cmTC_c2220.dir/build
gmake[1]: Entering directory '/home/abdulfe/donttouch/pexsi_sympack_last_test/symPACK/build/CMakeFiles/CMakeTmp'
Building C object CMakeFiles/cmTC_c2220.dir/CheckFunctionExists.c.o
/usr/bin/mpicc   -DCHECK_FUNCTION_EXISTS=threadReduce -o CMakeFiles/cmTC_c2220.dir/CheckFunctionExists.c.o -c /usr/share/cmake-3.22/Modules/CheckFunctionExists.c
Linking C executable cmTC_c2220
/usr/bin/cmake -E cmake_link_script CMakeFiles/cmTC_c2220.dir/link.txt --verbose=1
/usr/bin/mpicc  -DCHECK_FUNCTION_EXISTS=threadReduce -Wl,--start-group -Wl,--end-group  CMakeFiles/cmTC_c2220.dir/CheckFunctionExists.c.o -o cmTC_c2220  /home/abdulfe/donttouch/scotch_6.1.0/install/lib/libscotch.a /home/abdulfe/donttouch/scotch_6.1.0/install/lib/libscotcherr.a /home/abdulfe/donttouch/scotch_6.1.0/install/lib/libscotcherrexit.a 
/usr/bin/ld: CMakeFiles/cmTC_c2220.dir/CheckFunctionExists.c.o: in function `main':
CheckFunctionExists.c:(.text+0x14): undefined reference to `threadReduce'
collect2: error: ld returned 1 exit status
gmake[1]: *** [CMakeFiles/cmTC_c2220.dir/build.make:102: cmTC_c2220] Error 1
gmake[1]: Leaving directory '/home/abdulfe/donttouch/pexsi_sympack_last_test/symPACK/build/CMakeFiles/CMakeTmp'
gmake: *** [Makefile:127: cmTC_c2220/fast] Error 2



